-------------------------------------------------------------------------------
Test set: tests.mobile_phone_replenisment.positive.MobilePhoneReplenismentTest
-------------------------------------------------------------------------------
Tests run: 1, Failures: 0, Errors: 1, Skipped: 0, Time elapsed: 5.197 s <<< FAILURE! - in tests.mobile_phone_replenisment.positive.MobilePhoneReplenismentTest
testMobilePhoneReplenisment  Time elapsed: 1.571 s  <<< ERROR!
org.openqa.selenium.WebDriverException: 
unknown error: net::ERR_NAME_NOT_RESOLVED
  (Session info: chrome=103.0.5060.66)
Build info: version: '4.2.1', revision: 'ac4d0fdd4a'
System info: host: 'DESKTOP-GO6B3DD', ip: '192.168.105.109', os.name: 'Windows 10', os.arch: 'amd64', os.version: '10.0', java.version: '17.0.2'
Driver info: org.openqa.selenium.chrome.ChromeDriver
Command: [f0536c47d7c7dd30d28c84b61fe3e602, get {url=https://xxxepayments.orange.md/?l=2}]
Capabilities {acceptInsecureCerts: false, browserName: chrome, browserVersion: 103.0.5060.66, chrome: {chromedriverVersion: 103.0.5060.53 (a1711811edd7..., userDataDir: C:\Users\Nastea\AppData\Loc...}, goog:chromeOptions: {debuggerAddress: localhost:56874}, networkConnectionEnabled: false, pageLoadStrategy: normal, platformName: WINDOWS, proxy: Proxy(), se:cdp: ws://localhost:56874/devtoo..., se:cdpVersion: 103.0.5060.66, setWindowRect: true, strictFileInteractability: false, timeouts: {implicit: 0, pageLoad: 300000, script: 30000}, unhandledPromptBehavior: dismiss and notify, webauthn:extension:credBlob: true, webauthn:extension:largeBlob: true, webauthn:virtualAuthenticators: true}
Session ID: f0536c47d7c7dd30d28c84b61fe3e602
	at tests.mobile_phone_replenisment.positive.MobilePhoneReplenismentTest.testMobilePhoneReplenisment(MobilePhoneReplenismentTest.java:14)

